2 2 3
------------------------------------------------
Ten: Tran Van A
So tien phai tra: 12100000.0
------------------------------------------------
Ten: Nguyen Thi B
So tien phai tra: 36300000.0
------------------------------------------------
Ten: Le Van C
So tien phai tra: 8250000.0
------------------------------------------------
Ten: Dang Van D
So tien phai tra: 15400000.0
------------------------------------------------
Ten: Thai Van E
So tien phai tra: 16335000.0
------------------------------------------------
Ten: Hoang Thi F
So tien phai tra: 7906250.0
------------------------------------------------
Ten: Mai Van G
So tien phai tra: 11858000.0
------------------------------------------------
Tong so tien cong ty thu duoc: 108149250.0
